<?xml version="1.0" encoding="UTF-8"?>
<!-- Generated by org.testng.reporters.JUnitReportReporter -->
<testsuite skipped="0" hostname="DESKTOP-CNR23D0" name="org.testng.Testcase" tests="1" failures="0" timestamp="19 Nov 2020 14:37:56 GMT" time="0.004" errors="0">
  <testcase name="mainTest" time="0.004" classname="org.testng.Testcase"/>
</testsuite> <!-- org.testng.Testcase -->
